# JRE version: OpenJDK Runtime Environment Temurin-21.0.10+7 (21.0.10+7) (build 21.0.10+7-LTS)
# Java VM: OpenJDK 64-Bit Server VM Temurin-21.0.10+7 (21.0.10+7-LTS, mixed mode, sharing, tiered, compressed oops, compressed class ptrs, g1 gc, windows-amd64)
GC Precious Log:
 CardTable entry size: 512
 Card Set container configuration: InlinePtr #cards 5 size 8 Array Of Cards #cards 12 size 40 Howl #buckets 4 coarsen threshold 1843 Howl Bitmap #cards 512 size 80 coarsen threshold 460 Card regions per heap region 1 cards per card region 2048
 CPUs: 8 total, 8 available
 Memory: 6030M
 Large Page Support: Disabled
 NUMA Support: Disabled
 Compressed Oops: Enabled (32-bit)
 Heap Region Size: 1M
 Heap Min Capacity: 8M
 Heap Initial Capacity: 96M
 Heap Max Capacity: 1508M
 Pre-touch: Disabled
 Parallel Workers: 8
 Concurrent Workers: 2
 Concurrent Refinement Workers: 8
 Periodic GC: Disabled
Heap:
 garbage-first heap   total 58368K, used 33771K [0x00000000a1c00000, 0x0000000100000000)
  region size 1024K, 15 young (15360K), 4 survivors (4096K)
 Metaspace       used 34893K, committed 35456K, reserved 1114112K
  class space    used 4643K, committed 4928K, reserved 1048576K
GC Heap History (12 events):
Event: 13.684 GC heap before
{Heap before GC invocations=0 (full 0):
 garbage-first heap   total 98304K, used 25600K [0x00000000a1c00000, 0x0000000100000000)
  region size 1024K, 23 young (23552K), 0 survivors (0K)
 Metaspace       used 5564K, committed 5760K, reserved 1114112K
  class space    used 646K, committed 704K, reserved 1048576K
}
Event: 13.699 GC heap after
{Heap after GC invocations=1 (full 0):
 garbage-first heap   total 98304K, used 9344K [0x00000000a1c00000, 0x0000000100000000)
  region size 1024K, 3 young (3072K), 3 survivors (3072K)
 Metaspace       used 5564K, committed 5760K, reserved 1114112K
  class space    used 646K, committed 704K, reserved 1048576K
}
Event: 28.175 GC heap before
{Heap before GC invocations=1 (full 0):
 garbage-first heap   total 98304K, used 34944K [0x00000000a1c00000, 0x0000000100000000)
  region size 1024K, 29 young (29696K), 3 survivors (3072K)
 Metaspace       used 12559K, committed 12864K, reserved 1114112K
  class space    used 1666K, committed 1792K, reserved 1048576K
}
Event: 28.185 GC heap after
{Heap after GC invocations=2 (full 0):
 garbage-first heap   total 98304K, used 11632K [0x00000000a1c00000, 0x0000000100000000)
  region size 1024K, 3 young (3072K), 3 survivors (3072K)
 Metaspace       used 12559K, committed 12864K, reserved 1114112K
  class space    used 1666K, committed 1792K, reserved 1048576K
}
Event: 49.754 GC heap before
{Heap before GC invocations=2 (full 0):
 garbage-first heap   total 98304K, used 52592K [0x00000000a1c00000, 0x0000000100000000)
  region size 1024K, 45 young (46080K), 3 survivors (3072K)
 Metaspace       used 21253K, committed 21504K, reserved 1114112K
  class space    used 2689K, committed 2816K, reserved 1048576K
}
Event: 49.777 GC heap after
{Heap after GC invocations=3 (full 0):
 garbage-first heap   total 98304K, used 16579K [0x00000000a1c00000, 0x0000000100000000)
  region size 1024K, 7 young (7168K), 7 survivors (7168K)
 Metaspace       used 21253K, committed 21504K, reserved 1114112K
  class space    used 2689K, committed 2816K, reserved 1048576K
}
Event: 62.242 GC heap before
{Heap before GC invocations=4 (full 0):
 garbage-first heap   total 58368K, used 44227K [0x00000000a1c00000, 0x0000000100000000)
  region size 1024K, 34 young (34816K), 7 survivors (7168K)
 Metaspace       used 23974K, committed 24320K, reserved 1114112K
  class space    used 3044K, committed 3200K, reserved 1048576K
}
Event: 62.285 GC heap after
{Heap after GC invocations=5 (full 0):
 garbage-first heap   total 58368K, used 18627K [0x00000000a1c00000, 0x0000000100000000)
  region size 1024K, 3 young (3072K), 3 survivors (3072K)
 Metaspace       used 23974K, committed 24320K, reserved 1114112K
  class space    used 3044K, committed 3200K, reserved 1048576K
}
Event: 71.650 GC heap before
{Heap before GC invocations=5 (full 0):
 garbage-first heap   total 58368K, used 44227K [0x00000000a1c00000, 0x0000000100000000)
  region size 1024K, 28 young (28672K), 3 survivors (3072K)
 Metaspace       used 28003K, committed 28352K, reserved 1114112K
  class space    used 3699K, committed 3840K, reserved 1048576K
}
Event: 71.678 GC heap after
{Heap after GC invocations=6 (full 0):
 garbage-first heap   total 58368K, used 19910K [0x00000000a1c00000, 0x0000000100000000)
  region size 1024K, 2 young (2048K), 2 survivors (2048K)
 Metaspace       used 28003K, committed 28352K, reserved 1114112K
  class space    used 3699K, committed 3840K, reserved 1048576K
}
Event: 90.800 GC heap before
{Heap before GC invocations=6 (full 0):
 garbage-first heap   total 58368K, used 45510K [0x00000000a1c00000, 0x0000000100000000)
  region size 1024K, 27 young (27648K), 2 survivors (2048K)
 Metaspace       used 32644K, committed 33152K, reserved 1114112K
  class space    used 4385K, committed 4608K, reserved 1048576K
}
Event: 90.841 GC heap after
{Heap after GC invocations=7 (full 0):
 garbage-first heap   total 58368K, used 22507K [0x00000000a1c00000, 0x0000000100000000)
  region size 1024K, 4 young (4096K), 4 survivors (4096K)
 Metaspace       used 32644K, committed 33152K, reserved 1114112K
  class space    used 4385K, committed 4608K, reserved 1048576K
}

