# JRE version: OpenJDK Runtime Environment Temurin-21.0.10+7 (21.0.10+7) (build 21.0.10+7-LTS)
# Java VM: OpenJDK 64-Bit Server VM Temurin-21.0.10+7 (21.0.10+7-LTS, mixed mode, sharing, tiered, compressed oops, compressed class ptrs, g1 gc, windows-amd64)
GC Precious Log:
 CardTable entry size: 512
 Card Set container configuration: InlinePtr #cards 5 size 8 Array Of Cards #cards 12 size 40 Howl #buckets 4 coarsen threshold 1843 Howl Bitmap #cards 512 size 80 coarsen threshold 460 Card regions per heap region 1 cards per card region 2048
 CPUs: 8 total, 8 available
 Memory: 6030M
 Large Page Support: Disabled
 NUMA Support: Disabled
 Compressed Oops: Enabled (32-bit)
 Heap Region Size: 1M
 Heap Min Capacity: 8M
 Heap Initial Capacity: 96M
 Heap Max Capacity: 1508M
 Pre-touch: Disabled
 Parallel Workers: 8
 Concurrent Workers: 2
 Concurrent Refinement Workers: 8
 Periodic GC: Disabled
Heap:
 garbage-first heap   total 58368K, used 29245K [0x00000000a1c00000, 0x0000000100000000)
  region size 1024K, 10 young (10240K), 4 survivors (4096K)
 Metaspace       used 34632K, committed 35072K, reserved 1114112K
  class space    used 4608K, committed 4800K, reserved 1048576K
GC Heap History (12 events):
Event: 17.013 GC heap before
{Heap before GC invocations=0 (full 0):
 garbage-first heap   total 98304K, used 25600K [0x00000000a1c00000, 0x0000000100000000)
  region size 1024K, 23 young (23552K), 0 survivors (0K)
 Metaspace       used 5754K, committed 5952K, reserved 1114112K
  class space    used 668K, committed 768K, reserved 1048576K
}
Event: 17.030 GC heap after
{Heap after GC invocations=1 (full 0):
 garbage-first heap   total 98304K, used 9123K [0x00000000a1c00000, 0x0000000100000000)
  region size 1024K, 3 young (3072K), 3 survivors (3072K)
 Metaspace       used 5754K, committed 5952K, reserved 1114112K
  class space    used 668K, committed 768K, reserved 1048576K
}
Event: 35.029 GC heap before
{Heap before GC invocations=1 (full 0):
 garbage-first heap   total 98304K, used 35747K [0x00000000a1c00000, 0x0000000100000000)
  region size 1024K, 29 young (29696K), 3 survivors (3072K)
 Metaspace       used 12252K, committed 12480K, reserved 1114112K
  class space    used 1650K, committed 1728K, reserved 1048576K
}
Event: 35.041 GC heap after
{Heap after GC invocations=2 (full 0):
 garbage-first heap   total 98304K, used 11615K [0x00000000a1c00000, 0x0000000100000000)
  region size 1024K, 3 young (3072K), 3 survivors (3072K)
 Metaspace       used 12252K, committed 12480K, reserved 1114112K
  class space    used 1650K, committed 1728K, reserved 1048576K
}
Event: 45.852 GC heap before
{Heap before GC invocations=2 (full 0):
 garbage-first heap   total 98304K, used 53599K [0x00000000a1c00000, 0x0000000100000000)
  region size 1024K, 46 young (47104K), 3 survivors (3072K)
 Metaspace       used 21250K, committed 21504K, reserved 1114112K
  class space    used 2687K, committed 2816K, reserved 1048576K
}
Event: 46.018 GC heap after
{Heap after GC invocations=3 (full 0):
 garbage-first heap   total 98304K, used 16049K [0x00000000a1c00000, 0x0000000100000000)
  region size 1024K, 7 young (7168K), 7 survivors (7168K)
 Metaspace       used 21250K, committed 21504K, reserved 1114112K
  class space    used 2687K, committed 2816K, reserved 1048576K
}
Event: 53.751 GC heap before
{Heap before GC invocations=4 (full 0):
 garbage-first heap   total 58368K, used 43697K [0x00000000a1c00000, 0x0000000100000000)
  region size 1024K, 34 young (34816K), 7 survivors (7168K)
 Metaspace       used 24202K, committed 24512K, reserved 1114112K
  class space    used 3075K, committed 3200K, reserved 1048576K
}
Event: 53.818 GC heap after
{Heap after GC invocations=5 (full 0):
 garbage-first heap   total 58368K, used 18248K [0x00000000a1c00000, 0x0000000100000000)
  region size 1024K, 3 young (3072K), 3 survivors (3072K)
 Metaspace       used 24202K, committed 24512K, reserved 1114112K
  class space    used 3075K, committed 3200K, reserved 1048576K
}
Event: 59.439 GC heap before
{Heap before GC invocations=5 (full 0):
 garbage-first heap   total 58368K, used 43848K [0x00000000a1c00000, 0x0000000100000000)
  region size 1024K, 28 young (28672K), 3 survivors (3072K)
 Metaspace       used 28349K, committed 28672K, reserved 1114112K
  class space    used 3753K, committed 3904K, reserved 1048576K
}
Event: 59.505 GC heap after
{Heap after GC invocations=6 (full 0):
 garbage-first heap   total 58368K, used 20318K [0x00000000a1c00000, 0x0000000100000000)
  region size 1024K, 2 young (2048K), 2 survivors (2048K)
 Metaspace       used 28349K, committed 28672K, reserved 1114112K
  class space    used 3753K, committed 3904K, reserved 1048576K
}
Event: 68.017 GC heap before
{Heap before GC invocations=6 (full 0):
 garbage-first heap   total 58368K, used 46942K [0x00000000a1c00000, 0x0000000100000000)
  region size 1024K, 28 young (28672K), 2 survivors (2048K)
 Metaspace       used 33783K, committed 34240K, reserved 1114112K
  class space    used 4498K, committed 4736K, reserved 1048576K
}
Event: 68.078 GC heap after
{Heap after GC invocations=7 (full 0):
 garbage-first heap   total 58368K, used 23101K [0x00000000a1c00000, 0x0000000100000000)
  region size 1024K, 4 young (4096K), 4 survivors (4096K)
 Metaspace       used 33783K, committed 34240K, reserved 1114112K
  class space    used 4498K, committed 4736K, reserved 1048576K
}

