# JRE version: OpenJDK Runtime Environment Temurin-21.0.10+7 (21.0.10+7) (build 21.0.10+7-LTS)
# Java VM: OpenJDK 64-Bit Server VM Temurin-21.0.10+7 (21.0.10+7-LTS, mixed mode, sharing, tiered, compressed oops, compressed class ptrs, parallel gc, windows-amd64)
GC Precious Log:
 CardTable entry size: 512
 CPUs: 8 total, 8 available
 Memory: 6030M
 Large Page Support: Disabled
 NUMA Support: Disabled
 Compressed Oops: Enabled (32-bit)
 Alignments: Space 512K, Generation 512K, Heap 2M
 Heap Min Capacity: 100M
 Heap Initial Capacity: 100M
 Heap Max Capacity: 2G
 Pre-touch: Disabled
 Parallel Workers: 8
Heap:
 PSYoungGen      total 4608K, used 3379K [0x00000000d5580000, 0x00000000d5d80000, 0x0000000100000000)
  eden space 4096K, 72% used [0x00000000d5580000,0x00000000d5864d50,0x00000000d5980000)
  from space 512K, 81% used [0x00000000d5d00000,0x00000000d5d68000,0x00000000d5d80000)
  to   space 512K, 0% used [0x00000000d5c80000,0x00000000d5c80000,0x00000000d5d00000)
 ParOldGen       total 1292288K, used 1292040K [0x0000000080000000, 0x00000000cee00000, 0x00000000d5580000)
  object space 1292288K, 99% used [0x0000000080000000,0x00000000cedc2058,0x00000000cee00000)
 Metaspace       used 104012K, committed 106560K, reserved 1179648K
  class space    used 10866K, committed 12032K, reserved 1048576K
GC Heap History (20 events):
Event: 11427.802 GC heap before
{Heap before GC invocations=3608 (full 6):
 PSYoungGen      total 5120K, used 4884K [0x00000000d5580000, 0x00000000d5b80000, 0x0000000100000000)
  eden space 4096K, 100% used [0x00000000d5580000,0x00000000d5980000,0x00000000d5980000)
  from space 1024K, 77% used [0x00000000d5a80000,0x00000000d5b45220,0x00000000d5b80000)
  to   space 1024K, 0% used [0x00000000d5980000,0x00000000d5980000,0x00000000d5a80000)
 ParOldGen       total 1289216K, used 1289105K [0x0000000080000000, 0x00000000ceb00000, 0x00000000d5580000)
  object space 1289216K, 99% used [0x0000000080000000,0x00000000ceae4620,0x00000000ceb00000)
 Metaspace       used 103944K, committed 106432K, reserved 1179648K
  class space    used 10861K, committed 12032K, reserved 1048576K
}
Event: 11427.819 GC heap after
{Heap after GC invocations=3608 (full 6):
 PSYoungGen      total 5120K, used 308K [0x00000000d5580000, 0x00000000d5b80000, 0x0000000100000000)
  eden space 4096K, 0% used [0x00000000d5580000,0x00000000d5580000,0x00000000d5980000)
  from space 1024K, 30% used [0x00000000d5980000,0x00000000d59cd200,0x00000000d5a80000)
  to   space 512K, 0% used [0x00000000d5b00000,0x00000000d5b00000,0x00000000d5b80000)
 ParOldGen       total 1289728K, used 1289705K [0x0000000080000000, 0x00000000ceb80000, 0x00000000d5580000)
  object space 1289728K, 99% used [0x0000000080000000,0x00000000ceb7a640,0x00000000ceb80000)
 Metaspace       used 103944K, committed 106432K, reserved 1179648K
  class space    used 10861K, committed 12032K, reserved 1048576K
}
Event: 11428.204 GC heap before
{Heap before GC invocations=3609 (full 6):
 PSYoungGen      total 5120K, used 4404K [0x00000000d5580000, 0x00000000d5b80000, 0x0000000100000000)
  eden space 4096K, 99% used [0x00000000d5580000,0x00000000d597fff8,0x00000000d5980000)
  from space 1024K, 30% used [0x00000000d5980000,0x00000000d59cd200,0x00000000d5a80000)
  to   space 512K, 0% used [0x00000000d5b00000,0x00000000d5b00000,0x00000000d5b80000)
 ParOldGen       total 1289728K, used 1289705K [0x0000000080000000, 0x00000000ceb80000, 0x00000000d5580000)
  object space 1289728K, 99% used [0x0000000080000000,0x00000000ceb7a640,0x00000000ceb80000)
 Metaspace       used 103949K, committed 106496K, reserved 1179648K
  class space    used 10861K, committed 12032K, reserved 1048576K
}
Event: 11428.210 GC heap after
{Heap after GC invocations=3609 (full 6):
 PSYoungGen      total 4608K, used 128K [0x00000000d5580000, 0x00000000d5b80000, 0x0000000100000000)
  eden space 4096K, 0% used [0x00000000d5580000,0x00000000d5580000,0x00000000d5980000)
  from space 512K, 25% used [0x00000000d5b00000,0x00000000d5b20000,0x00000000d5b80000)
  to   space 512K, 0% used [0x00000000d5a80000,0x00000000d5a80000,0x00000000d5b00000)
 ParOldGen       total 1290240K, used 1289737K [0x0000000080000000, 0x00000000cec00000, 0x00000000d5580000)
  object space 1290240K, 99% used [0x0000000080000000,0x00000000ceb82640,0x00000000cec00000)
 Metaspace       used 103949K, committed 106496K, reserved 1179648K
  class space    used 10861K, committed 12032K, reserved 1048576K
}
Event: 11430.234 GC heap before
{Heap before GC invocations=3610 (full 6):
 PSYoungGen      total 4608K, used 4224K [0x00000000d5580000, 0x00000000d5b80000, 0x0000000100000000)
  eden space 4096K, 100% used [0x00000000d5580000,0x00000000d5980000,0x00000000d5980000)
  from space 512K, 25% used [0x00000000d5b00000,0x00000000d5b20000,0x00000000d5b80000)
  to   space 512K, 0% used [0x00000000d5a80000,0x00000000d5a80000,0x00000000d5b00000)
 ParOldGen       total 1290240K, used 1289737K [0x0000000080000000, 0x00000000cec00000, 0x00000000d5580000)
  object space 1290240K, 99% used [0x0000000080000000,0x00000000ceb82640,0x00000000cec00000)
 Metaspace       used 103953K, committed 106496K, reserved 1179648K
  class space    used 10861K, committed 12032K, reserved 1048576K
}
Event: 11430.240 GC heap after
{Heap after GC invocations=3610 (full 6):
 PSYoungGen      total 4608K, used 496K [0x00000000d5580000, 0x00000000d5b80000, 0x0000000100000000)
  eden space 4096K, 0% used [0x00000000d5580000,0x00000000d5580000,0x00000000d5980000)
  from space 512K, 96% used [0x00000000d5a80000,0x00000000d5afc070,0x00000000d5b00000)
  to   space 512K, 0% used [0x00000000d5b00000,0x00000000d5b00000,0x00000000d5b80000)
 ParOldGen       total 1290240K, used 1289783K [0x0000000080000000, 0x00000000cec00000, 0x00000000d5580000)
  object space 1290240K, 99% used [0x0000000080000000,0x00000000ceb8df38,0x00000000cec00000)
 Metaspace       used 103953K, committed 106496K, reserved 1179648K
  class space    used 10861K, committed 12032K, reserved 1048576K
}
Event: 11437.904 GC heap before
{Heap before GC invocations=3611 (full 6):
 PSYoungGen      total 4608K, used 4592K [0x00000000d5580000, 0x00000000d5b80000, 0x0000000100000000)
  eden space 4096K, 100% used [0x00000000d5580000,0x00000000d5980000,0x00000000d5980000)
  from space 512K, 96% used [0x00000000d5a80000,0x00000000d5afc070,0x00000000d5b00000)
  to   space 512K, 0% used [0x00000000d5b00000,0x00000000d5b00000,0x00000000d5b80000)
 ParOldGen       total 1290240K, used 1289783K [0x0000000080000000, 0x00000000cec00000, 0x00000000d5580000)
  object space 1290240K, 99% used [0x0000000080000000,0x00000000ceb8df38,0x00000000cec00000)
 Metaspace       used 103956K, committed 106496K, reserved 1179648K
  class space    used 10861K, committed 12032K, reserved 1048576K
}
Event: 11437.912 GC heap after
{Heap after GC invocations=3611 (full 6):
 PSYoungGen      total 4608K, used 320K [0x00000000d5580000, 0x00000000d5b80000, 0x0000000100000000)
  eden space 4096K, 0% used [0x00000000d5580000,0x00000000d5580000,0x00000000d5980000)
  from space 512K, 62% used [0x00000000d5b00000,0x00000000d5b50010,0x00000000d5b80000)
  to   space 512K, 0% used [0x00000000d5a80000,0x00000000d5a80000,0x00000000d5b00000)
 ParOldGen       total 1290240K, used 1290151K [0x0000000080000000, 0x00000000cec00000, 0x00000000d5580000)
  object space 1290240K, 99% used [0x0000000080000000,0x00000000cebe9ff8,0x00000000cec00000)
 Metaspace       used 103956K, committed 106496K, reserved 1179648K
  class space    used 10861K, committed 12032K, reserved 1048576K
}
Event: 11438.444 GC heap before
{Heap before GC invocations=3612 (full 6):
 PSYoungGen      total 4608K, used 4221K [0x00000000d5580000, 0x00000000d5b80000, 0x0000000100000000)
  eden space 4096K, 95% used [0x00000000d5580000,0x00000000d594f618,0x00000000d5980000)
  from space 512K, 62% used [0x00000000d5b00000,0x00000000d5b50010,0x00000000d5b80000)
  to   space 512K, 0% used [0x00000000d5a80000,0x00000000d5a80000,0x00000000d5b00000)
 ParOldGen       total 1290240K, used 1290151K [0x0000000080000000, 0x00000000cec00000, 0x00000000d5580000)
  object space 1290240K, 99% used [0x0000000080000000,0x00000000cebe9ff8,0x00000000cec00000)
 Metaspace       used 103981K, committed 106560K, reserved 1179648K
  class space    used 10861K, committed 12032K, reserved 1048576K
}
Event: 11438.457 GC heap after
{Heap after GC invocations=3612 (full 6):
 PSYoungGen      total 4608K, used 448K [0x00000000d5580000, 0x00000000d5b80000, 0x0000000100000000)
  eden space 4096K, 0% used [0x00000000d5580000,0x00000000d5580000,0x00000000d5980000)
  from space 512K, 87% used [0x00000000d5a80000,0x00000000d5af0030,0x00000000d5b00000)
  to   space 512K, 0% used [0x00000000d5b00000,0x00000000d5b00000,0x00000000d5b80000)
 ParOldGen       total 1290752K, used 1290296K [0x0000000080000000, 0x00000000cec80000, 0x00000000d5580000)
  object space 1290752K, 99% used [0x0000000080000000,0x00000000cec0e008,0x00000000cec80000)
 Metaspace       used 103981K, committed 106560K, reserved 1179648K
  class space    used 10861K, committed 12032K, reserved 1048576K
}
Event: 11438.985 GC heap before
{Heap before GC invocations=3613 (full 6):
 PSYoungGen      total 4608K, used 4522K [0x00000000d5580000, 0x00000000d5b80000, 0x0000000100000000)
  eden space 4096K, 99% used [0x00000000d5580000,0x00000000d597ab70,0x00000000d5980000)
  from space 512K, 87% used [0x00000000d5a80000,0x00000000d5af0030,0x00000000d5b00000)
  to   space 512K, 0% used [0x00000000d5b00000,0x00000000d5b00000,0x00000000d5b80000)
 ParOldGen       total 1290752K, used 1290296K [0x0000000080000000, 0x00000000cec80000, 0x00000000d5580000)
  object space 1290752K, 99% used [0x0000000080000000,0x00000000cec0e008,0x00000000cec80000)
 Metaspace       used 103981K, committed 106560K, reserved 1179648K
  class space    used 10861K, committed 12032K, reserved 1048576K
}
Event: 11438.992 GC heap after
{Heap after GC invocations=3613 (full 6):
 PSYoungGen      total 4608K, used 496K [0x00000000d5580000, 0x00000000d5b80000, 0x0000000100000000)
  eden space 4096K, 0% used [0x00000000d5580000,0x00000000d5580000,0x00000000d5980000)
  from space 512K, 96% used [0x00000000d5b00000,0x00000000d5b7c020,0x00000000d5b80000)
  to   space 1024K, 0% used [0x00000000d5980000,0x00000000d5980000,0x00000000d5a80000)
 ParOldGen       total 1290752K, used 1290304K [0x0000000080000000, 0x00000000cec80000, 0x00000000d5580000)
  object space 1290752K, 99% used [0x0000000080000000,0x00000000cec10008,0x00000000cec80000)
 Metaspace       used 103981K, committed 106560K, reserved 1179648K
  class space    used 10861K, committed 12032K, reserved 1048576K
}
Event: 11439.441 GC heap before
{Heap before GC invocations=3614 (full 6):
 PSYoungGen      total 4608K, used 4592K [0x00000000d5580000, 0x00000000d5b80000, 0x0000000100000000)
  eden space 4096K, 100% used [0x00000000d5580000,0x00000000d5980000,0x00000000d5980000)
  from space 512K, 96% used [0x00000000d5b00000,0x00000000d5b7c020,0x00000000d5b80000)
  to   space 1024K, 0% used [0x00000000d5980000,0x00000000d5980000,0x00000000d5a80000)
 ParOldGen       total 1290752K, used 1290304K [0x0000000080000000, 0x00000000cec80000, 0x00000000d5580000)
  object space 1290752K, 99% used [0x0000000080000000,0x00000000cec10008,0x00000000cec80000)
 Metaspace       used 103981K, committed 106560K, reserved 1179648K
  class space    used 10861K, committed 12032K, reserved 1048576K
}
Event: 11439.448 GC heap after
{Heap after GC invocations=3614 (full 6):
 PSYoungGen      total 5120K, used 1000K [0x00000000d5580000, 0x00000000d6080000, 0x0000000100000000)
  eden space 4096K, 0% used [0x00000000d5580000,0x00000000d5580000,0x00000000d5980000)
  from space 1024K, 97% used [0x00000000d5980000,0x00000000d5a7a1c0,0x00000000d5a80000)
  to   space 3584K, 0% used [0x00000000d5d00000,0x00000000d5d00000,0x00000000d6080000)
 ParOldGen       total 1292288K, used 1292024K [0x0000000080000000, 0x00000000cee00000, 0x00000000d5580000)
  object space 1292288K, 99% used [0x0000000080000000,0x00000000cedbe058,0x00000000cee00000)
 Metaspace       used 103981K, committed 106560K, reserved 1179648K
  class space    used 10861K, committed 12032K, reserved 1048576K
}
Event: 11440.072 GC heap before
{Heap before GC invocations=3615 (full 6):
 PSYoungGen      total 5120K, used 5091K [0x00000000d5580000, 0x00000000d6080000, 0x0000000100000000)
  eden space 4096K, 99% used [0x00000000d5580000,0x00000000d597eb68,0x00000000d5980000)
  from space 1024K, 97% used [0x00000000d5980000,0x00000000d5a7a1c0,0x00000000d5a80000)
  to   space 3584K, 0% used [0x00000000d5d00000,0x00000000d5d00000,0x00000000d6080000)
 ParOldGen       total 1292288K, used 1292024K [0x0000000080000000, 0x00000000cee00000, 0x00000000d5580000)
  object space 1292288K, 99% used [0x0000000080000000,0x00000000cedbe058,0x00000000cee00000)
 Metaspace       used 103981K, committed 106560K, reserved 1179648K
  class space    used 10861K, committed 12032K, reserved 1048576K
}
Event: 11440.129 GC heap after
{Heap after GC invocations=3615 (full 6):
 PSYoungGen      total 4608K, used 160K [0x00000000d5580000, 0x00000000d5d80000, 0x0000000100000000)
  eden space 4096K, 0% used [0x00000000d5580000,0x00000000d5580000,0x00000000d5980000)
  from space 512K, 31% used [0x00000000d5d00000,0x00000000d5d28000,0x00000000d5d80000)
  to   space 1536K, 0% used [0x00000000d5a80000,0x00000000d5a80000,0x00000000d5c00000)
 ParOldGen       total 1292288K, used 1292040K [0x0000000080000000, 0x00000000cee00000, 0x00000000d5580000)
  object space 1292288K, 99% used [0x0000000080000000,0x00000000cedc2058,0x00000000cee00000)
 Metaspace       used 103981K, committed 106560K, reserved 1179648K
  class space    used 10861K, committed 12032K, reserved 1048576K
}
Event: 11444.536 GC heap before
{Heap before GC invocations=3616 (full 6):
 PSYoungGen      total 4608K, used 4256K [0x00000000d5580000, 0x00000000d5d80000, 0x0000000100000000)
  eden space 4096K, 100% used [0x00000000d5580000,0x00000000d5980000,0x00000000d5980000)
  from space 512K, 31% used [0x00000000d5d00000,0x00000000d5d28000,0x00000000d5d80000)
  to   space 1536K, 0% used [0x00000000d5a80000,0x00000000d5a80000,0x00000000d5c00000)
 ParOldGen       total 1292288K, used 1292040K [0x0000000080000000, 0x00000000cee00000, 0x00000000d5580000)
  object space 1292288K, 99% used [0x0000000080000000,0x00000000cedc2058,0x00000000cee00000)
 Metaspace       used 103981K, committed 106560K, reserved 1179648K
  class space    used 10861K, committed 12032K, reserved 1048576K
}
Event: 11444.540 GC heap after
{Heap after GC invocations=3616 (full 6):
 PSYoungGen      total 5632K, used 256K [0x00000000d5580000, 0x00000000d5d80000, 0x0000000100000000)
  eden space 4096K, 0% used [0x00000000d5580000,0x00000000d5580000,0x00000000d5980000)
  from space 1536K, 16% used [0x00000000d5a80000,0x00000000d5ac0000,0x00000000d5c00000)
  to   space 512K, 0% used [0x00000000d5d00000,0x00000000d5d00000,0x00000000d5d80000)
 ParOldGen       total 1292288K, used 1292040K [0x0000000080000000, 0x00000000cee00000, 0x00000000d5580000)
  object space 1292288K, 99% used [0x0000000080000000,0x00000000cedc2058,0x00000000cee00000)
 Metaspace       used 103981K, committed 106560K, reserved 1179648K
  class space    used 10861K, committed 12032K, reserved 1048576K
}
Event: 11450.073 GC heap before
{Heap before GC invocations=3617 (full 6):
 PSYoungGen      total 5632K, used 4352K [0x00000000d5580000, 0x00000000d5d80000, 0x0000000100000000)
  eden space 4096K, 100% used [0x00000000d5580000,0x00000000d5980000,0x00000000d5980000)
  from space 1536K, 16% used [0x00000000d5a80000,0x00000000d5ac0000,0x00000000d5c00000)
  to   space 512K, 0% used [0x00000000d5d00000,0x00000000d5d00000,0x00000000d5d80000)
 ParOldGen       total 1292288K, used 1292040K [0x0000000080000000, 0x00000000cee00000, 0x00000000d5580000)
  object space 1292288K, 99% used [0x0000000080000000,0x00000000cedc2058,0x00000000cee00000)
 Metaspace       used 103981K, committed 106560K, reserved 1179648K
  class space    used 10861K, committed 12032K, reserved 1048576K
}
Event: 11450.125 GC heap after
{Heap after GC invocations=3617 (full 6):
 PSYoungGen      total 4608K, used 416K [0x00000000d5580000, 0x00000000d5d80000, 0x0000000100000000)
  eden space 4096K, 0% used [0x00000000d5580000,0x00000000d5580000,0x00000000d5980000)
  from space 512K, 81% used [0x00000000d5d00000,0x00000000d5d68000,0x00000000d5d80000)
  to   space 512K, 0% used [0x00000000d5c80000,0x00000000d5c80000,0x00000000d5d00000)
 ParOldGen       total 1292288K, used 1292040K [0x0000000080000000, 0x00000000cee00000, 0x00000000d5580000)
  object space 1292288K, 99% used [0x0000000080000000,0x00000000cedc2058,0x00000000cee00000)
 Metaspace       used 103981K, committed 106560K, reserved 1179648K
  class space    used 10861K, committed 12032K, reserved 1048576K
}

