# JRE version: OpenJDK Runtime Environment Temurin-21.0.10+7 (21.0.10+7) (build 21.0.10+7-LTS)
# Java VM: OpenJDK 64-Bit Server VM Temurin-21.0.10+7 (21.0.10+7-LTS, mixed mode, sharing, tiered, compressed oops, compressed class ptrs, g1 gc, windows-amd64)
GC Precious Log:
 CardTable entry size: 512
 Card Set container configuration: InlinePtr #cards 5 size 8 Array Of Cards #cards 12 size 40 Howl #buckets 4 coarsen threshold 1843 Howl Bitmap #cards 512 size 80 coarsen threshold 460 Card regions per heap region 1 cards per card region 2048
 CPUs: 8 total, 8 available
 Memory: 6030M
 Large Page Support: Disabled
 NUMA Support: Disabled
 Compressed Oops: Enabled (32-bit)
 Heap Region Size: 1M
 Heap Min Capacity: 8M
 Heap Initial Capacity: 96M
 Heap Max Capacity: 1508M
 Pre-touch: Disabled
 Parallel Workers: 8
 Concurrent Workers: 2
 Concurrent Refinement Workers: 8
 Periodic GC: Disabled
Heap:
 garbage-first heap   total 58368K, used 30682K [0x00000000a1c00000, 0x0000000100000000)
  region size 1024K, 13 young (13312K), 4 survivors (4096K)
 Metaspace       used 34951K, committed 35456K, reserved 1114112K
  class space    used 4648K, committed 4928K, reserved 1048576K
GC Heap History (12 events):
Event: 12.919 GC heap before
{Heap before GC invocations=0 (full 0):
 garbage-first heap   total 98304K, used 25600K [0x00000000a1c00000, 0x0000000100000000)
  region size 1024K, 23 young (23552K), 0 survivors (0K)
 Metaspace       used 5763K, committed 5952K, reserved 1114112K
  class space    used 670K, committed 768K, reserved 1048576K
}
Event: 13.249 GC heap after
{Heap after GC invocations=1 (full 0):
 garbage-first heap   total 98304K, used 9216K [0x00000000a1c00000, 0x0000000100000000)
  region size 1024K, 3 young (3072K), 3 survivors (3072K)
 Metaspace       used 5763K, committed 5952K, reserved 1114112K
  class space    used 670K, committed 768K, reserved 1048576K
}
Event: 33.443 GC heap before
{Heap before GC invocations=1 (full 0):
 garbage-first heap   total 98304K, used 34816K [0x00000000a1c00000, 0x0000000100000000)
  region size 1024K, 29 young (29696K), 3 survivors (3072K)
 Metaspace       used 12375K, committed 12672K, reserved 1114112K
  class space    used 1667K, committed 1792K, reserved 1048576K
}
Event: 33.453 GC heap after
{Heap after GC invocations=2 (full 0):
 garbage-first heap   total 98304K, used 11709K [0x00000000a1c00000, 0x0000000100000000)
  region size 1024K, 3 young (3072K), 3 survivors (3072K)
 Metaspace       used 12375K, committed 12672K, reserved 1114112K
  class space    used 1667K, committed 1792K, reserved 1048576K
}
Event: 53.369 GC heap before
{Heap before GC invocations=2 (full 0):
 garbage-first heap   total 98304K, used 53693K [0x00000000a1c00000, 0x0000000100000000)
  region size 1024K, 46 young (47104K), 3 survivors (3072K)
 Metaspace       used 21275K, committed 21504K, reserved 1114112K
  class space    used 2689K, committed 2816K, reserved 1048576K
}
Event: 53.390 GC heap after
{Heap after GC invocations=3 (full 0):
 garbage-first heap   total 98304K, used 16418K [0x00000000a1c00000, 0x0000000100000000)
  region size 1024K, 7 young (7168K), 7 survivors (7168K)
 Metaspace       used 21275K, committed 21504K, reserved 1114112K
  class space    used 2689K, committed 2816K, reserved 1048576K
}
Event: 64.973 GC heap before
{Heap before GC invocations=4 (full 0):
 garbage-first heap   total 58368K, used 44066K [0x00000000a1c00000, 0x0000000100000000)
  region size 1024K, 34 young (34816K), 7 survivors (7168K)
 Metaspace       used 24140K, committed 24512K, reserved 1114112K
  class space    used 3058K, committed 3200K, reserved 1048576K
}
Event: 65.001 GC heap after
{Heap after GC invocations=5 (full 0):
 garbage-first heap   total 58368K, used 18166K [0x00000000a1c00000, 0x0000000100000000)
  region size 1024K, 3 young (3072K), 3 survivors (3072K)
 Metaspace       used 24140K, committed 24512K, reserved 1114112K
  class space    used 3058K, committed 3200K, reserved 1048576K
}
Event: 74.661 GC heap before
{Heap before GC invocations=5 (full 0):
 garbage-first heap   total 58368K, used 43766K [0x00000000a1c00000, 0x0000000100000000)
  region size 1024K, 28 young (28672K), 3 survivors (3072K)
 Metaspace       used 28133K, committed 28416K, reserved 1114112K
  class space    used 3717K, committed 3840K, reserved 1048576K
}
Event: 74.677 GC heap after
{Heap after GC invocations=6 (full 0):
 garbage-first heap   total 58368K, used 19901K [0x00000000a1c00000, 0x0000000100000000)
  region size 1024K, 2 young (2048K), 2 survivors (2048K)
 Metaspace       used 28133K, committed 28416K, reserved 1114112K
  class space    used 3717K, committed 3840K, reserved 1048576K
}
Event: 91.210 GC heap before
{Heap before GC invocations=6 (full 0):
 garbage-first heap   total 58368K, used 46525K [0x00000000a1c00000, 0x0000000100000000)
  region size 1024K, 28 young (28672K), 2 survivors (2048K)
 Metaspace       used 33399K, committed 33856K, reserved 1114112K
  class space    used 4454K, committed 4672K, reserved 1048576K
}
Event: 91.243 GC heap after
{Heap after GC invocations=7 (full 0):
 garbage-first heap   total 58368K, used 22490K [0x00000000a1c00000, 0x0000000100000000)
  region size 1024K, 4 young (4096K), 4 survivors (4096K)
 Metaspace       used 33399K, committed 33856K, reserved 1114112K
  class space    used 4454K, committed 4672K, reserved 1048576K
}

