# JRE version: OpenJDK Runtime Environment Temurin-21.0.10+7 (21.0.10+7) (build 21.0.10+7-LTS)
# Java VM: OpenJDK 64-Bit Server VM Temurin-21.0.10+7 (21.0.10+7-LTS, mixed mode, sharing, tiered, compressed oops, compressed class ptrs, parallel gc, windows-amd64)
GC Precious Log:
 CardTable entry size: 512
 CPUs: 8 total, 8 available
 Memory: 6030M
 Large Page Support: Disabled
 NUMA Support: Disabled
 Compressed Oops: Enabled (32-bit)
 Alignments: Space 512K, Generation 512K, Heap 2M
 Heap Min Capacity: 100M
 Heap Initial Capacity: 100M
 Heap Max Capacity: 2G
 Pre-touch: Disabled
 Parallel Workers: 8
Heap:
 PSYoungGen      total 8192K, used 3461K [0x00000000d5580000, 0x00000000d5e80000, 0x0000000100000000)
  eden space 7680K, 40% used [0x00000000d5580000,0x00000000d5884fe8,0x00000000d5d00000)
  from space 512K, 72% used [0x00000000d5e00000,0x00000000d5e5c7d0,0x00000000d5e80000)
  to   space 512K, 0% used [0x00000000d5d80000,0x00000000d5d80000,0x00000000d5e00000)
 ParOldGen       total 1271296K, used 1270806K [0x0000000080000000, 0x00000000cd980000, 0x00000000d5580000)
  object space 1271296K, 99% used [0x0000000080000000,0x00000000cd905808,0x00000000cd980000)
 Metaspace       used 109555K, committed 111744K, reserved 1179648K
  class space    used 10682K, committed 11712K, reserved 1048576K
GC Heap History (20 events):
Event: 91686.410 GC heap before
{Heap before GC invocations=15027 (full 23):
 PSYoungGen      total 8192K, used 8058K [0x00000000d5580000, 0x00000000d5e80000, 0x0000000100000000)
  eden space 7680K, 100% used [0x00000000d5580000,0x00000000d5d00000,0x00000000d5d00000)
  from space 512K, 73% used [0x00000000d5e00000,0x00000000d5e5e938,0x00000000d5e80000)
  to   space 512K, 0% used [0x00000000d5d80000,0x00000000d5d80000,0x00000000d5e00000)
 ParOldGen       total 1267200K, used 1267106K [0x0000000080000000, 0x00000000cd580000, 0x00000000d5580000)
  object space 1267200K, 99% used [0x0000000080000000,0x00000000cd568918,0x00000000cd580000)
 Metaspace       used 109555K, committed 111744K, reserved 1179648K
  class space    used 10682K, committed 11712K, reserved 1048576K
}
Event: 91686.413 GC heap after
{Heap after GC invocations=15027 (full 23):
 PSYoungGen      total 8192K, used 403K [0x00000000d5580000, 0x00000000d5e80000, 0x0000000100000000)
  eden space 7680K, 0% used [0x00000000d5580000,0x00000000d5580000,0x00000000d5d00000)
  from space 512K, 78% used [0x00000000d5d80000,0x00000000d5de4ff0,0x00000000d5e00000)
  to   space 512K, 0% used [0x00000000d5e00000,0x00000000d5e00000,0x00000000d5e80000)
 ParOldGen       total 1267712K, used 1267311K [0x0000000080000000, 0x00000000cd600000, 0x00000000d5580000)
  object space 1267712K, 99% used [0x0000000080000000,0x00000000cd59bfb0,0x00000000cd600000)
 Metaspace       used 109555K, committed 111744K, reserved 1179648K
  class space    used 10682K, committed 11712K, reserved 1048576K
}
Event: 91686.873 GC heap before
{Heap before GC invocations=15028 (full 23):
 PSYoungGen      total 8192K, used 8083K [0x00000000d5580000, 0x00000000d5e80000, 0x0000000100000000)
  eden space 7680K, 100% used [0x00000000d5580000,0x00000000d5d00000,0x00000000d5d00000)
  from space 512K, 78% used [0x00000000d5d80000,0x00000000d5de4ff0,0x00000000d5e00000)
  to   space 512K, 0% used [0x00000000d5e00000,0x00000000d5e00000,0x00000000d5e80000)
 ParOldGen       total 1267712K, used 1267311K [0x0000000080000000, 0x00000000cd600000, 0x00000000d5580000)
  object space 1267712K, 99% used [0x0000000080000000,0x00000000cd59bfb0,0x00000000cd600000)
 Metaspace       used 109555K, committed 111744K, reserved 1179648K
  class space    used 10682K, committed 11712K, reserved 1048576K
}
Event: 91686.876 GC heap after
{Heap after GC invocations=15028 (full 23):
 PSYoungGen      total 8192K, used 320K [0x00000000d5580000, 0x00000000d5e80000, 0x0000000100000000)
  eden space 7680K, 0% used [0x00000000d5580000,0x00000000d5580000,0x00000000d5d00000)
  from space 512K, 62% used [0x00000000d5e00000,0x00000000d5e50000,0x00000000d5e80000)
  to   space 512K, 0% used [0x00000000d5d80000,0x00000000d5d80000,0x00000000d5e00000)
 ParOldGen       total 1267712K, used 1267605K [0x0000000080000000, 0x00000000cd600000, 0x00000000d5580000)
  object space 1267712K, 99% used [0x0000000080000000,0x00000000cd5e56c0,0x00000000cd600000)
 Metaspace       used 109555K, committed 111744K, reserved 1179648K
  class space    used 10682K, committed 11712K, reserved 1048576K
}
Event: 91686.922 GC heap before
{Heap before GC invocations=15029 (full 23):
 PSYoungGen      total 8192K, used 8000K [0x00000000d5580000, 0x00000000d5e80000, 0x0000000100000000)
  eden space 7680K, 100% used [0x00000000d5580000,0x00000000d5d00000,0x00000000d5d00000)
  from space 512K, 62% used [0x00000000d5e00000,0x00000000d5e50000,0x00000000d5e80000)
  to   space 512K, 0% used [0x00000000d5d80000,0x00000000d5d80000,0x00000000d5e00000)
 ParOldGen       total 1267712K, used 1267605K [0x0000000080000000, 0x00000000cd600000, 0x00000000d5580000)
  object space 1267712K, 99% used [0x0000000080000000,0x00000000cd5e56c0,0x00000000cd600000)
 Metaspace       used 109555K, committed 111744K, reserved 1179648K
  class space    used 10682K, committed 11712K, reserved 1048576K
}
Event: 91686.926 GC heap after
{Heap after GC invocations=15029 (full 23):
 PSYoungGen      total 8192K, used 441K [0x00000000d5580000, 0x00000000d5e80000, 0x0000000100000000)
  eden space 7680K, 0% used [0x00000000d5580000,0x00000000d5580000,0x00000000d5d00000)
  from space 512K, 86% used [0x00000000d5d80000,0x00000000d5dee5a8,0x00000000d5e00000)
  to   space 512K, 0% used [0x00000000d5e00000,0x00000000d5e00000,0x00000000d5e80000)
 ParOldGen       total 1268736K, used 1268583K [0x0000000080000000, 0x00000000cd700000, 0x00000000d5580000)
  object space 1268736K, 99% used [0x0000000080000000,0x00000000cd6d9f18,0x00000000cd700000)
 Metaspace       used 109555K, committed 111744K, reserved 1179648K
  class space    used 10682K, committed 11712K, reserved 1048576K
}
Event: 91686.940 GC heap before
{Heap before GC invocations=15030 (full 23):
 PSYoungGen      total 8192K, used 8121K [0x00000000d5580000, 0x00000000d5e80000, 0x0000000100000000)
  eden space 7680K, 100% used [0x00000000d5580000,0x00000000d5d00000,0x00000000d5d00000)
  from space 512K, 86% used [0x00000000d5d80000,0x00000000d5dee5a8,0x00000000d5e00000)
  to   space 512K, 0% used [0x00000000d5e00000,0x00000000d5e00000,0x00000000d5e80000)
 ParOldGen       total 1268736K, used 1268583K [0x0000000080000000, 0x00000000cd700000, 0x00000000d5580000)
  object space 1268736K, 99% used [0x0000000080000000,0x00000000cd6d9f18,0x00000000cd700000)
 Metaspace       used 109555K, committed 111744K, reserved 1179648K
  class space    used 10682K, committed 11712K, reserved 1048576K
}
Event: 91686.944 GC heap after
{Heap after GC invocations=15030 (full 23):
 PSYoungGen      total 8192K, used 512K [0x00000000d5580000, 0x00000000d5f00000, 0x0000000100000000)
  eden space 7680K, 0% used [0x00000000d5580000,0x00000000d5580000,0x00000000d5d00000)
  from space 512K, 100% used [0x00000000d5e00000,0x00000000d5e80000,0x00000000d5e80000)
  to   space 1024K, 0% used [0x00000000d5d00000,0x00000000d5d00000,0x00000000d5e00000)
 ParOldGen       total 1269248K, used 1268847K [0x0000000080000000, 0x00000000cd780000, 0x00000000d5580000)
  object space 1269248K, 99% used [0x0000000080000000,0x00000000cd71bde0,0x00000000cd780000)
 Metaspace       used 109555K, committed 111744K, reserved 1179648K
  class space    used 10682K, committed 11712K, reserved 1048576K
}
Event: 91686.956 GC heap before
{Heap before GC invocations=15031 (full 23):
 PSYoungGen      total 8192K, used 8192K [0x00000000d5580000, 0x00000000d5f00000, 0x0000000100000000)
  eden space 7680K, 100% used [0x00000000d5580000,0x00000000d5d00000,0x00000000d5d00000)
  from space 512K, 100% used [0x00000000d5e00000,0x00000000d5e80000,0x00000000d5e80000)
  to   space 1024K, 0% used [0x00000000d5d00000,0x00000000d5d00000,0x00000000d5e00000)
 ParOldGen       total 1269248K, used 1268847K [0x0000000080000000, 0x00000000cd780000, 0x00000000d5580000)
  object space 1269248K, 99% used [0x0000000080000000,0x00000000cd71bde0,0x00000000cd780000)
 Metaspace       used 109555K, committed 111744K, reserved 1179648K
  class space    used 10682K, committed 11712K, reserved 1048576K
}
Event: 91686.959 GC heap after
{Heap after GC invocations=15031 (full 23):
 PSYoungGen      total 8704K, used 608K [0x00000000d5580000, 0x00000000d5f00000, 0x0000000100000000)
  eden space 7680K, 0% used [0x00000000d5580000,0x00000000d5580000,0x00000000d5d00000)
  from space 1024K, 59% used [0x00000000d5d00000,0x00000000d5d98000,0x00000000d5e00000)
  to   space 1024K, 0% used [0x00000000d5e00000,0x00000000d5e00000,0x00000000d5f00000)
 ParOldGen       total 1269760K, used 1269319K [0x0000000080000000, 0x00000000cd800000, 0x00000000d5580000)
  object space 1269760K, 99% used [0x0000000080000000,0x00000000cd791de0,0x00000000cd800000)
 Metaspace       used 109555K, committed 111744K, reserved 1179648K
  class space    used 10682K, committed 11712K, reserved 1048576K
}
Event: 91686.978 GC heap before
{Heap before GC invocations=15032 (full 23):
 PSYoungGen      total 8704K, used 8288K [0x00000000d5580000, 0x00000000d5f00000, 0x0000000100000000)
  eden space 7680K, 100% used [0x00000000d5580000,0x00000000d5d00000,0x00000000d5d00000)
  from space 1024K, 59% used [0x00000000d5d00000,0x00000000d5d98000,0x00000000d5e00000)
  to   space 1024K, 0% used [0x00000000d5e00000,0x00000000d5e00000,0x00000000d5f00000)
 ParOldGen       total 1269760K, used 1269319K [0x0000000080000000, 0x00000000cd800000, 0x00000000d5580000)
  object space 1269760K, 99% used [0x0000000080000000,0x00000000cd791de0,0x00000000cd800000)
 Metaspace       used 109555K, committed 111744K, reserved 1179648K
  class space    used 10682K, committed 11712K, reserved 1048576K
}
Event: 91686.981 GC heap after
{Heap after GC invocations=15032 (full 23):
 PSYoungGen      total 8192K, used 320K [0x00000000d5580000, 0x00000000d5e80000, 0x0000000100000000)
  eden space 7680K, 0% used [0x00000000d5580000,0x00000000d5580000,0x00000000d5d00000)
  from space 512K, 62% used [0x00000000d5e00000,0x00000000d5e50000,0x00000000d5e80000)
  to   space 512K, 0% used [0x00000000d5d80000,0x00000000d5d80000,0x00000000d5e00000)
 ParOldGen       total 1270272K, used 1269775K [0x0000000080000000, 0x00000000cd880000, 0x00000000d5580000)
  object space 1270272K, 99% used [0x0000000080000000,0x00000000cd803df0,0x00000000cd880000)
 Metaspace       used 109555K, committed 111744K, reserved 1179648K
  class space    used 10682K, committed 11712K, reserved 1048576K
}
Event: 91687.009 GC heap before
{Heap before GC invocations=15033 (full 23):
 PSYoungGen      total 8192K, used 8000K [0x00000000d5580000, 0x00000000d5e80000, 0x0000000100000000)
  eden space 7680K, 100% used [0x00000000d5580000,0x00000000d5d00000,0x00000000d5d00000)
  from space 512K, 62% used [0x00000000d5e00000,0x00000000d5e50000,0x00000000d5e80000)
  to   space 512K, 0% used [0x00000000d5d80000,0x00000000d5d80000,0x00000000d5e00000)
 ParOldGen       total 1270272K, used 1269775K [0x0000000080000000, 0x00000000cd880000, 0x00000000d5580000)
  object space 1270272K, 99% used [0x0000000080000000,0x00000000cd803df0,0x00000000cd880000)
 Metaspace       used 109555K, committed 111744K, reserved 1179648K
  class space    used 10682K, committed 11712K, reserved 1048576K
}
Event: 91687.012 GC heap after
{Heap after GC invocations=15033 (full 23):
 PSYoungGen      total 8192K, used 352K [0x00000000d5580000, 0x00000000d5e80000, 0x0000000100000000)
  eden space 7680K, 0% used [0x00000000d5580000,0x00000000d5580000,0x00000000d5d00000)
  from space 512K, 68% used [0x00000000d5d80000,0x00000000d5dd8000,0x00000000d5e00000)
  to   space 512K, 0% used [0x00000000d5e00000,0x00000000d5e00000,0x00000000d5e80000)
 ParOldGen       total 1270272K, used 1269991K [0x0000000080000000, 0x00000000cd880000, 0x00000000d5580000)
  object space 1270272K, 99% used [0x0000000080000000,0x00000000cd839df0,0x00000000cd880000)
 Metaspace       used 109555K, committed 111744K, reserved 1179648K
  class space    used 10682K, committed 11712K, reserved 1048576K
}
Event: 91687.053 GC heap before
{Heap before GC invocations=15034 (full 23):
 PSYoungGen      total 8192K, used 8032K [0x00000000d5580000, 0x00000000d5e80000, 0x0000000100000000)
  eden space 7680K, 100% used [0x00000000d5580000,0x00000000d5d00000,0x00000000d5d00000)
  from space 512K, 68% used [0x00000000d5d80000,0x00000000d5dd8000,0x00000000d5e00000)
  to   space 512K, 0% used [0x00000000d5e00000,0x00000000d5e00000,0x00000000d5e80000)
 ParOldGen       total 1270272K, used 1269991K [0x0000000080000000, 0x00000000cd880000, 0x00000000d5580000)
  object space 1270272K, 99% used [0x0000000080000000,0x00000000cd839df0,0x00000000cd880000)
 Metaspace       used 109555K, committed 111744K, reserved 1179648K
  class space    used 10682K, committed 11712K, reserved 1048576K
}
Event: 91687.056 GC heap after
{Heap after GC invocations=15034 (full 23):
 PSYoungGen      total 8192K, used 471K [0x00000000d5580000, 0x00000000d5e80000, 0x0000000100000000)
  eden space 7680K, 0% used [0x00000000d5580000,0x00000000d5580000,0x00000000d5d00000)
  from space 512K, 92% used [0x00000000d5e00000,0x00000000d5e75de0,0x00000000d5e80000)
  to   space 512K, 0% used [0x00000000d5d80000,0x00000000d5d80000,0x00000000d5e00000)
 ParOldGen       total 1270272K, used 1270231K [0x0000000080000000, 0x00000000cd880000, 0x00000000d5580000)
  object space 1270272K, 99% used [0x0000000080000000,0x00000000cd875f38,0x00000000cd880000)
 Metaspace       used 109555K, committed 111744K, reserved 1179648K
  class space    used 10682K, committed 11712K, reserved 1048576K
}
Event: 91687.357 GC heap before
{Heap before GC invocations=15035 (full 23):
 PSYoungGen      total 8192K, used 8151K [0x00000000d5580000, 0x00000000d5e80000, 0x0000000100000000)
  eden space 7680K, 100% used [0x00000000d5580000,0x00000000d5d00000,0x00000000d5d00000)
  from space 512K, 92% used [0x00000000d5e00000,0x00000000d5e75de0,0x00000000d5e80000)
  to   space 512K, 0% used [0x00000000d5d80000,0x00000000d5d80000,0x00000000d5e00000)
 ParOldGen       total 1270272K, used 1270231K [0x0000000080000000, 0x00000000cd880000, 0x00000000d5580000)
  object space 1270272K, 99% used [0x0000000080000000,0x00000000cd875f38,0x00000000cd880000)
 Metaspace       used 109555K, committed 111744K, reserved 1179648K
  class space    used 10682K, committed 11712K, reserved 1048576K
}
Event: 91687.360 GC heap after
{Heap after GC invocations=15035 (full 23):
 PSYoungGen      total 8192K, used 411K [0x00000000d5580000, 0x00000000d5e80000, 0x0000000100000000)
  eden space 7680K, 0% used [0x00000000d5580000,0x00000000d5580000,0x00000000d5d00000)
  from space 512K, 80% used [0x00000000d5d80000,0x00000000d5de6d68,0x00000000d5e00000)
  to   space 512K, 0% used [0x00000000d5e00000,0x00000000d5e00000,0x00000000d5e80000)
 ParOldGen       total 1270784K, used 1270547K [0x0000000080000000, 0x00000000cd900000, 0x00000000d5580000)
  object space 1270784K, 99% used [0x0000000080000000,0x00000000cd8c4d40,0x00000000cd900000)
 Metaspace       used 109555K, committed 111744K, reserved 1179648K
  class space    used 10682K, committed 11712K, reserved 1048576K
}
Event: 91687.916 GC heap before
{Heap before GC invocations=15036 (full 23):
 PSYoungGen      total 8192K, used 8091K [0x00000000d5580000, 0x00000000d5e80000, 0x0000000100000000)
  eden space 7680K, 100% used [0x00000000d5580000,0x00000000d5d00000,0x00000000d5d00000)
  from space 512K, 80% used [0x00000000d5d80000,0x00000000d5de6d68,0x00000000d5e00000)
  to   space 512K, 0% used [0x00000000d5e00000,0x00000000d5e00000,0x00000000d5e80000)
 ParOldGen       total 1270784K, used 1270547K [0x0000000080000000, 0x00000000cd900000, 0x00000000d5580000)
  object space 1270784K, 99% used [0x0000000080000000,0x00000000cd8c4d40,0x00000000cd900000)
 Metaspace       used 109555K, committed 111744K, reserved 1179648K
  class space    used 10682K, committed 11712K, reserved 1048576K
}
Event: 91687.919 GC heap after
{Heap after GC invocations=15036 (full 23):
 PSYoungGen      total 8192K, used 369K [0x00000000d5580000, 0x00000000d5e80000, 0x0000000100000000)
  eden space 7680K, 0% used [0x00000000d5580000,0x00000000d5580000,0x00000000d5d00000)
  from space 512K, 72% used [0x00000000d5e00000,0x00000000d5e5c7d0,0x00000000d5e80000)
  to   space 512K, 0% used [0x00000000d5d80000,0x00000000d5d80000,0x00000000d5e00000)
 ParOldGen       total 1271296K, used 1270806K [0x0000000080000000, 0x00000000cd980000, 0x00000000d5580000)
  object space 1271296K, 99% used [0x0000000080000000,0x00000000cd905808,0x00000000cd980000)
 Metaspace       used 109555K, committed 111744K, reserved 1179648K
  class space    used 10682K, committed 11712K, reserved 1048576K
}

