# JRE version: OpenJDK Runtime Environment Temurin-21.0.10+7 (21.0.10+7) (build 21.0.10+7-LTS)
# Java VM: OpenJDK 64-Bit Server VM Temurin-21.0.10+7 (21.0.10+7-LTS, mixed mode, sharing, tiered, compressed oops, compressed class ptrs, parallel gc, windows-amd64)
GC Precious Log:
 CardTable entry size: 512
 CPUs: 8 total, 8 available
 Memory: 6030M
 Large Page Support: Disabled
 NUMA Support: Disabled
 Compressed Oops: Enabled (32-bit)
 Alignments: Space 512K, Generation 512K, Heap 2M
 Heap Min Capacity: 100M
 Heap Initial Capacity: 100M
 Heap Max Capacity: 2G
 Pre-touch: Disabled
 Parallel Workers: 8
Heap:
 PSYoungGen      total 8704K, used 2131K [0x00000000d5580000, 0x00000000d5f00000, 0x0000000100000000)
  eden space 7680K, 17% used [0x00000000d5580000,0x00000000d56d4c90,0x00000000d5d00000)
  from space 1024K, 75% used [0x00000000d5d00000,0x00000000d5dc0000,0x00000000d5e00000)
  to   space 1024K, 0% used [0x00000000d5e00000,0x00000000d5e00000,0x00000000d5f00000)
 ParOldGen       total 1320448K, used 1320294K [0x0000000080000000, 0x00000000d0980000, 0x00000000d5580000)
  object space 1320448K, 99% used [0x0000000080000000,0x00000000d0959918,0x00000000d0980000)
 Metaspace       used 114040K, committed 116480K, reserved 1179648K
  class space    used 11327K, committed 12608K, reserved 1048576K
GC Heap History (20 events):
Event: 3940.231 GC heap before
{Heap before GC invocations=9152 (full 11):
 PSYoungGen      total 6144K, used 6144K [0x00000000d5580000, 0x00000000d6200000, 0x0000000100000000)
  eden space 3584K, 100% used [0x00000000d5580000,0x00000000d5900000,0x00000000d5900000)
  from space 2560K, 100% used [0x00000000d5900000,0x00000000d5b80000,0x00000000d5b80000)
  to   space 4096K, 0% used [0x00000000d5e00000,0x00000000d5e00000,0x00000000d6200000)
 ParOldGen       total 1311744K, used 1311667K [0x0000000080000000, 0x00000000d0100000, 0x00000000d5580000)
  object space 1311744K, 99% used [0x0000000080000000,0x00000000d00ecee0,0x00000000d0100000)
 Metaspace       used 114031K, committed 116480K, reserved 1179648K
  class space    used 11327K, committed 12608K, reserved 1048576K
}
Event: 3940.236 GC heap after
{Heap after GC invocations=9152 (full 11):
 PSYoungGen      total 6144K, used 1056K [0x00000000d5580000, 0x00000000d5f80000, 0x0000000100000000)
  eden space 4608K, 0% used [0x00000000d5580000,0x00000000d5580000,0x00000000d5a00000)
  from space 1536K, 68% used [0x00000000d5e00000,0x00000000d5f08000,0x00000000d5f80000)
  to   space 2048K, 0% used [0x00000000d5b80000,0x00000000d5b80000,0x00000000d5d80000)
 ParOldGen       total 1314304K, used 1314219K [0x0000000080000000, 0x00000000d0380000, 0x00000000d5580000)
  object space 1314304K, 99% used [0x0000000080000000,0x00000000d036aee0,0x00000000d0380000)
 Metaspace       used 114031K, committed 116480K, reserved 1179648K
  class space    used 11327K, committed 12608K, reserved 1048576K
}
Event: 3940.311 GC heap before
{Heap before GC invocations=9153 (full 11):
 PSYoungGen      total 6144K, used 5664K [0x00000000d5580000, 0x00000000d5f80000, 0x0000000100000000)
  eden space 4608K, 100% used [0x00000000d5580000,0x00000000d5a00000,0x00000000d5a00000)
  from space 1536K, 68% used [0x00000000d5e00000,0x00000000d5f08000,0x00000000d5f80000)
  to   space 2048K, 0% used [0x00000000d5b80000,0x00000000d5b80000,0x00000000d5d80000)
 ParOldGen       total 1314304K, used 1314219K [0x0000000080000000, 0x00000000d0380000, 0x00000000d5580000)
  object space 1314304K, 99% used [0x0000000080000000,0x00000000d036aee0,0x00000000d0380000)
 Metaspace       used 114033K, committed 116480K, reserved 1179648K
  class space    used 11327K, committed 12608K, reserved 1048576K
}
Event: 3940.315 GC heap after
{Heap after GC invocations=9153 (full 11):
 PSYoungGen      total 6656K, used 538K [0x00000000d5580000, 0x00000000d5e80000, 0x0000000100000000)
  eden space 4608K, 0% used [0x00000000d5580000,0x00000000d5580000,0x00000000d5a00000)
  from space 2048K, 26% used [0x00000000d5b80000,0x00000000d5c06900,0x00000000d5d80000)
  to   space 1024K, 0% used [0x00000000d5d80000,0x00000000d5d80000,0x00000000d5e80000)
 ParOldGen       total 1315328K, used 1315180K [0x0000000080000000, 0x00000000d0480000, 0x00000000d5580000)
  object space 1315328K, 99% used [0x0000000080000000,0x00000000d045b2e8,0x00000000d0480000)
 Metaspace       used 114033K, committed 116480K, reserved 1179648K
  class space    used 11327K, committed 12608K, reserved 1048576K
}
Event: 3940.331 GC heap before
{Heap before GC invocations=9154 (full 11):
 PSYoungGen      total 6656K, used 5146K [0x00000000d5580000, 0x00000000d5e80000, 0x0000000100000000)
  eden space 4608K, 99% used [0x00000000d5580000,0x00000000d59ffff0,0x00000000d5a00000)
  from space 2048K, 26% used [0x00000000d5b80000,0x00000000d5c06900,0x00000000d5d80000)
  to   space 1024K, 0% used [0x00000000d5d80000,0x00000000d5d80000,0x00000000d5e80000)
 ParOldGen       total 1315328K, used 1315180K [0x0000000080000000, 0x00000000d0480000, 0x00000000d5580000)
  object space 1315328K, 99% used [0x0000000080000000,0x00000000d045b2e8,0x00000000d0480000)
 Metaspace       used 114034K, committed 116480K, reserved 1179648K
  class space    used 11327K, committed 12608K, reserved 1048576K
}
Event: 3940.335 GC heap after
{Heap after GC invocations=9154 (full 11):
 PSYoungGen      total 5632K, used 672K [0x00000000d5580000, 0x00000000d5e80000, 0x0000000100000000)
  eden space 4608K, 0% used [0x00000000d5580000,0x00000000d5580000,0x00000000d5a00000)
  from space 1024K, 65% used [0x00000000d5d80000,0x00000000d5e28000,0x00000000d5e80000)
  to   space 1024K, 0% used [0x00000000d5c80000,0x00000000d5c80000,0x00000000d5d80000)
 ParOldGen       total 1315840K, used 1315619K [0x0000000080000000, 0x00000000d0500000, 0x00000000d5580000)
  object space 1315840K, 99% used [0x0000000080000000,0x00000000d04c8ce8,0x00000000d0500000)
 Metaspace       used 114034K, committed 116480K, reserved 1179648K
  class space    used 11327K, committed 12608K, reserved 1048576K
}
Event: 3940.343 GC heap before
{Heap before GC invocations=9155 (full 11):
 PSYoungGen      total 5632K, used 5280K [0x00000000d5580000, 0x00000000d5e80000, 0x0000000100000000)
  eden space 4608K, 100% used [0x00000000d5580000,0x00000000d5a00000,0x00000000d5a00000)
  from space 1024K, 65% used [0x00000000d5d80000,0x00000000d5e28000,0x00000000d5e80000)
  to   space 1024K, 0% used [0x00000000d5c80000,0x00000000d5c80000,0x00000000d5d80000)
 ParOldGen       total 1315840K, used 1315619K [0x0000000080000000, 0x00000000d0500000, 0x00000000d5580000)
  object space 1315840K, 99% used [0x0000000080000000,0x00000000d04c8ce8,0x00000000d0500000)
 Metaspace       used 114034K, committed 116480K, reserved 1179648K
  class space    used 11327K, committed 12608K, reserved 1048576K
}
Event: 3940.346 GC heap after
{Heap after GC invocations=9155 (full 11):
 PSYoungGen      total 6656K, used 384K [0x00000000d5580000, 0x00000000d5e00000, 0x0000000100000000)
  eden space 5632K, 0% used [0x00000000d5580000,0x00000000d5580000,0x00000000d5b00000)
  from space 1024K, 37% used [0x00000000d5c80000,0x00000000d5ce0020,0x00000000d5d80000)
  to   space 512K, 0% used [0x00000000d5d80000,0x00000000d5d80000,0x00000000d5e00000)
 ParOldGen       total 1316352K, used 1316115K [0x0000000080000000, 0x00000000d0580000, 0x00000000d5580000)
  object space 1316352K, 99% used [0x0000000080000000,0x00000000d0544ce8,0x00000000d0580000)
 Metaspace       used 114034K, committed 116480K, reserved 1179648K
  class space    used 11327K, committed 12608K, reserved 1048576K
}
Event: 3940.353 GC heap before
{Heap before GC invocations=9156 (full 11):
 PSYoungGen      total 6656K, used 6015K [0x00000000d5580000, 0x00000000d5e00000, 0x0000000100000000)
  eden space 5632K, 99% used [0x00000000d5580000,0x00000000d5afffc8,0x00000000d5b00000)
  from space 1024K, 37% used [0x00000000d5c80000,0x00000000d5ce0020,0x00000000d5d80000)
  to   space 512K, 0% used [0x00000000d5d80000,0x00000000d5d80000,0x00000000d5e00000)
 ParOldGen       total 1316352K, used 1316115K [0x0000000080000000, 0x00000000d0580000, 0x00000000d5580000)
  object space 1316352K, 99% used [0x0000000080000000,0x00000000d0544ce8,0x00000000d0580000)
 Metaspace       used 114034K, committed 116480K, reserved 1179648K
  class space    used 11327K, committed 12608K, reserved 1048576K
}
Event: 3940.358 GC heap after
{Heap after GC invocations=9156 (full 11):
 PSYoungGen      total 6144K, used 486K [0x00000000d5580000, 0x00000000d6180000, 0x0000000100000000)
  eden space 5632K, 0% used [0x00000000d5580000,0x00000000d5580000,0x00000000d5b00000)
  from space 512K, 94% used [0x00000000d5d80000,0x00000000d5df9848,0x00000000d5e00000)
  to   space 2560K, 0% used [0x00000000d5b00000,0x00000000d5b00000,0x00000000d5d80000)
 ParOldGen       total 1317888K, used 1317601K [0x0000000080000000, 0x00000000d0700000, 0x00000000d5580000)
  object space 1317888K, 99% used [0x0000000080000000,0x00000000d06b8570,0x00000000d0700000)
 Metaspace       used 114034K, committed 116480K, reserved 1179648K
  class space    used 11327K, committed 12608K, reserved 1048576K
}
Event: 3940.371 GC heap before
{Heap before GC invocations=9157 (full 11):
 PSYoungGen      total 6144K, used 6118K [0x00000000d5580000, 0x00000000d6180000, 0x0000000100000000)
  eden space 5632K, 100% used [0x00000000d5580000,0x00000000d5b00000,0x00000000d5b00000)
  from space 512K, 94% used [0x00000000d5d80000,0x00000000d5df9848,0x00000000d5e00000)
  to   space 2560K, 0% used [0x00000000d5b00000,0x00000000d5b00000,0x00000000d5d80000)
 ParOldGen       total 1317888K, used 1317601K [0x0000000080000000, 0x00000000d0700000, 0x00000000d5580000)
  object space 1317888K, 99% used [0x0000000080000000,0x00000000d06b8570,0x00000000d0700000)
 Metaspace       used 114034K, committed 116480K, reserved 1179648K
  class space    used 11327K, committed 12608K, reserved 1048576K
}
Event: 3940.375 GC heap after
{Heap after GC invocations=9157 (full 11):
 PSYoungGen      total 8192K, used 1216K [0x00000000d5580000, 0x00000000d5f80000, 0x0000000100000000)
  eden space 5632K, 0% used [0x00000000d5580000,0x00000000d5580000,0x00000000d5b00000)
  from space 2560K, 47% used [0x00000000d5b00000,0x00000000d5c30000,0x00000000d5d80000)
  to   space 1536K, 0% used [0x00000000d5e00000,0x00000000d5e00000,0x00000000d5f80000)
 ParOldGen       total 1318400K, used 1317921K [0x0000000080000000, 0x00000000d0780000, 0x00000000d5580000)
  object space 1318400K, 99% used [0x0000000080000000,0x00000000d0708570,0x00000000d0780000)
 Metaspace       used 114034K, committed 116480K, reserved 1179648K
  class space    used 11327K, committed 12608K, reserved 1048576K
}
Event: 3940.443 GC heap before
{Heap before GC invocations=9158 (full 11):
 PSYoungGen      total 8192K, used 6848K [0x00000000d5580000, 0x00000000d5f80000, 0x0000000100000000)
  eden space 5632K, 100% used [0x00000000d5580000,0x00000000d5b00000,0x00000000d5b00000)
  from space 2560K, 47% used [0x00000000d5b00000,0x00000000d5c30000,0x00000000d5d80000)
  to   space 1536K, 0% used [0x00000000d5e00000,0x00000000d5e00000,0x00000000d5f80000)
 ParOldGen       total 1318400K, used 1317921K [0x0000000080000000, 0x00000000d0780000, 0x00000000d5580000)
  object space 1318400K, 99% used [0x0000000080000000,0x00000000d0708570,0x00000000d0780000)
 Metaspace       used 114034K, committed 116480K, reserved 1179648K
  class space    used 11327K, committed 12608K, reserved 1048576K
}
Event: 3940.447 GC heap after
{Heap after GC invocations=9158 (full 11):
 PSYoungGen      total 8192K, used 693K [0x00000000d5580000, 0x00000000d5f00000, 0x0000000100000000)
  eden space 7168K, 0% used [0x00000000d5580000,0x00000000d5580000,0x00000000d5c80000)
  from space 1024K, 67% used [0x00000000d5e00000,0x00000000d5ead400,0x00000000d5f00000)
  to   space 1024K, 0% used [0x00000000d5d00000,0x00000000d5d00000,0x00000000d5e00000)
 ParOldGen       total 1319424K, used 1319040K [0x0000000080000000, 0x00000000d0880000, 0x00000000d5580000)
  object space 1319424K, 99% used [0x0000000080000000,0x00000000d0820270,0x00000000d0880000)
 Metaspace       used 114034K, committed 116480K, reserved 1179648K
  class space    used 11327K, committed 12608K, reserved 1048576K
}
Event: 3946.833 GC heap before
{Heap before GC invocations=9159 (full 11):
 PSYoungGen      total 8192K, used 7861K [0x00000000d5580000, 0x00000000d5f00000, 0x0000000100000000)
  eden space 7168K, 100% used [0x00000000d5580000,0x00000000d5c80000,0x00000000d5c80000)
  from space 1024K, 67% used [0x00000000d5e00000,0x00000000d5ead400,0x00000000d5f00000)
  to   space 1024K, 0% used [0x00000000d5d00000,0x00000000d5d00000,0x00000000d5e00000)
 ParOldGen       total 1319424K, used 1319040K [0x0000000080000000, 0x00000000d0880000, 0x00000000d5580000)
  object space 1319424K, 99% used [0x0000000080000000,0x00000000d0820270,0x00000000d0880000)
 Metaspace       used 114040K, committed 116480K, reserved 1179648K
  class space    used 11327K, committed 12608K, reserved 1048576K
}
Event: 3946.876 GC heap after
{Heap after GC invocations=9159 (full 11):
 PSYoungGen      total 8192K, used 224K [0x00000000d5580000, 0x00000000d5e80000, 0x0000000100000000)
  eden space 7168K, 0% used [0x00000000d5580000,0x00000000d5580000,0x00000000d5c80000)
  from space 1024K, 21% used [0x00000000d5d00000,0x00000000d5d38000,0x00000000d5e00000)
  to   space 512K, 0% used [0x00000000d5e00000,0x00000000d5e00000,0x00000000d5e80000)
 ParOldGen       total 1319936K, used 1319515K [0x0000000080000000, 0x00000000d0900000, 0x00000000d5580000)
  object space 1319936K, 99% used [0x0000000080000000,0x00000000d0896e78,0x00000000d0900000)
 Metaspace       used 114040K, committed 116480K, reserved 1179648K
  class space    used 11327K, committed 12608K, reserved 1048576K
}
Event: 3946.948 GC heap before
{Heap before GC invocations=9160 (full 11):
 PSYoungGen      total 8192K, used 7392K [0x00000000d5580000, 0x00000000d5e80000, 0x0000000100000000)
  eden space 7168K, 100% used [0x00000000d5580000,0x00000000d5c80000,0x00000000d5c80000)
  from space 1024K, 21% used [0x00000000d5d00000,0x00000000d5d38000,0x00000000d5e00000)
  to   space 512K, 0% used [0x00000000d5e00000,0x00000000d5e00000,0x00000000d5e80000)
 ParOldGen       total 1319936K, used 1319515K [0x0000000080000000, 0x00000000d0900000, 0x00000000d5580000)
  object space 1319936K, 99% used [0x0000000080000000,0x00000000d0896e78,0x00000000d0900000)
 Metaspace       used 114040K, committed 116480K, reserved 1179648K
  class space    used 11327K, committed 12608K, reserved 1048576K
}
Event: 3947.017 GC heap after
{Heap after GC invocations=9160 (full 11):
 PSYoungGen      total 8192K, used 500K [0x00000000d5580000, 0x00000000d6000000, 0x0000000100000000)
  eden space 7680K, 0% used [0x00000000d5580000,0x00000000d5580000,0x00000000d5d00000)
  from space 512K, 97% used [0x00000000d5e00000,0x00000000d5e7d200,0x00000000d5e80000)
  to   space 1024K, 0% used [0x00000000d5d00000,0x00000000d5d00000,0x00000000d5e00000)
 ParOldGen       total 1319936K, used 1319843K [0x0000000080000000, 0x00000000d0900000, 0x00000000d5580000)
  object space 1319936K, 99% used [0x0000000080000000,0x00000000d08e8e98,0x00000000d0900000)
 Metaspace       used 114040K, committed 116480K, reserved 1179648K
  class space    used 11327K, committed 12608K, reserved 1048576K
}
Event: 3947.217 GC heap before
{Heap before GC invocations=9161 (full 11):
 PSYoungGen      total 8192K, used 8180K [0x00000000d5580000, 0x00000000d6000000, 0x0000000100000000)
  eden space 7680K, 100% used [0x00000000d5580000,0x00000000d5d00000,0x00000000d5d00000)
  from space 512K, 97% used [0x00000000d5e00000,0x00000000d5e7d200,0x00000000d5e80000)
  to   space 1024K, 0% used [0x00000000d5d00000,0x00000000d5d00000,0x00000000d5e00000)
 ParOldGen       total 1319936K, used 1319843K [0x0000000080000000, 0x00000000d0900000, 0x00000000d5580000)
  object space 1319936K, 99% used [0x0000000080000000,0x00000000d08e8e98,0x00000000d0900000)
 Metaspace       used 114040K, committed 116480K, reserved 1179648K
  class space    used 11327K, committed 12608K, reserved 1048576K
}
Event: 3947.223 GC heap after
{Heap after GC invocations=9161 (full 11):
 PSYoungGen      total 8704K, used 768K [0x00000000d5580000, 0x00000000d5f00000, 0x0000000100000000)
  eden space 7680K, 0% used [0x00000000d5580000,0x00000000d5580000,0x00000000d5d00000)
  from space 1024K, 75% used [0x00000000d5d00000,0x00000000d5dc0000,0x00000000d5e00000)
  to   space 1024K, 0% used [0x00000000d5e00000,0x00000000d5e00000,0x00000000d5f00000)
 ParOldGen       total 1320448K, used 1320294K [0x0000000080000000, 0x00000000d0980000, 0x00000000d5580000)
  object space 1320448K, 99% used [0x0000000080000000,0x00000000d0959918,0x00000000d0980000)
 Metaspace       used 114040K, committed 116480K, reserved 1179648K
  class space    used 11327K, committed 12608K, reserved 1048576K
}

