# JRE version: OpenJDK Runtime Environment Temurin-21.0.10+7 (21.0.10+7) (build 21.0.10+7-LTS)
# Java VM: OpenJDK 64-Bit Server VM Temurin-21.0.10+7 (21.0.10+7-LTS, mixed mode, sharing, tiered, compressed oops, compressed class ptrs, g1 gc, windows-amd64)
GC Precious Log:
 CardTable entry size: 512
 Card Set container configuration: InlinePtr #cards 5 size 8 Array Of Cards #cards 12 size 40 Howl #buckets 4 coarsen threshold 1843 Howl Bitmap #cards 512 size 80 coarsen threshold 460 Card regions per heap region 1 cards per card region 2048
 CPUs: 8 total, 8 available
 Memory: 6030M
 Large Page Support: Disabled
 NUMA Support: Disabled
 Compressed Oops: Enabled (32-bit)
 Heap Region Size: 1M
 Heap Min Capacity: 8M
 Heap Initial Capacity: 96M
 Heap Max Capacity: 1508M
 Pre-touch: Disabled
 Parallel Workers: 8
 Concurrent Workers: 2
 Concurrent Refinement Workers: 8
 Periodic GC: Disabled
Heap:
 garbage-first heap   total 98304K, used 23602K [0x00000000a1c00000, 0x0000000100000000)
  region size 1024K, 15 young (15360K), 6 survivors (6144K)
 Metaspace       used 19655K, committed 19968K, reserved 1114112K
  class space    used 2518K, committed 2624K, reserved 1048576K
GC Heap History (6 events):
Event: 21.075 GC heap before
{Heap before GC invocations=0 (full 0):
 garbage-first heap   total 98304K, used 25600K [0x00000000a1c00000, 0x0000000100000000)
  region size 1024K, 23 young (23552K), 0 survivors (0K)
 Metaspace       used 5572K, committed 5760K, reserved 1114112K
  class space    used 650K, committed 704K, reserved 1048576K
}
Event: 21.351 GC heap after
{Heap after GC invocations=1 (full 0):
 garbage-first heap   total 98304K, used 9216K [0x00000000a1c00000, 0x0000000100000000)
  region size 1024K, 3 young (3072K), 3 survivors (3072K)
 Metaspace       used 5572K, committed 5760K, reserved 1114112K
  class space    used 650K, committed 704K, reserved 1048576K
}
Event: 46.766 GC heap before
{Heap before GC invocations=1 (full 0):
 garbage-first heap   total 98304K, used 35840K [0x00000000a1c00000, 0x0000000100000000)
  region size 1024K, 29 young (29696K), 3 survivors (3072K)
 Metaspace       used 12469K, committed 12800K, reserved 1114112K
  class space    used 1622K, committed 1792K, reserved 1048576K
}
Event: 46.779 GC heap after
{Heap after GC invocations=2 (full 0):
 garbage-first heap   total 98304K, used 11672K [0x00000000a1c00000, 0x0000000100000000)
  region size 1024K, 3 young (3072K), 3 survivors (3072K)
 Metaspace       used 12469K, committed 12800K, reserved 1114112K
  class space    used 1622K, committed 1792K, reserved 1048576K
}
Event: 57.915 GC heap before
{Heap before GC invocations=2 (full 0):
 garbage-first heap   total 98304K, used 58776K [0x00000000a1c00000, 0x0000000100000000)
  region size 1024K, 50 young (51200K), 3 survivors (3072K)
 Metaspace       used 18313K, committed 18624K, reserved 1114112K
  class space    used 2350K, committed 2496K, reserved 1048576K
}
Event: 58.007 GC heap after
{Heap after GC invocations=3 (full 0):
 garbage-first heap   total 98304K, used 15410K [0x00000000a1c00000, 0x0000000100000000)
  region size 1024K, 6 young (6144K), 6 survivors (6144K)
 Metaspace       used 18313K, committed 18624K, reserved 1114112K
  class space    used 2350K, committed 2496K, reserved 1048576K
}

