# JRE version: OpenJDK Runtime Environment Temurin-21.0.10+7 (21.0.10+7) (build 21.0.10+7-LTS)
# Java VM: OpenJDK 64-Bit Server VM Temurin-21.0.10+7 (21.0.10+7-LTS, mixed mode, sharing, tiered, compressed oops, compressed class ptrs, g1 gc, windows-amd64)
GC Precious Log:
 CardTable entry size: 512
 Card Set container configuration: InlinePtr #cards 5 size 8 Array Of Cards #cards 12 size 40 Howl #buckets 4 coarsen threshold 1843 Howl Bitmap #cards 512 size 80 coarsen threshold 460 Card regions per heap region 1 cards per card region 2048
 CPUs: 8 total, 8 available
 Memory: 6030M
 Large Page Support: Disabled
 NUMA Support: Disabled
 Compressed Oops: Enabled (32-bit)
 Heap Region Size: 1M
 Heap Min Capacity: 8M
 Heap Initial Capacity: 96M
 Heap Max Capacity: 1508M
 Pre-touch: Disabled
 Parallel Workers: 8
 Concurrent Workers: 2
 Concurrent Refinement Workers: 8
 Periodic GC: Disabled
Heap:
 garbage-first heap   total 58368K, used 32941K [0x00000000a1c00000, 0x0000000100000000)
  region size 1024K, 17 young (17408K), 3 survivors (3072K)
 Metaspace       used 30970K, committed 31424K, reserved 1114112K
  class space    used 4125K, committed 4352K, reserved 1048576K
GC Heap History (10 events):
Event: 15.783 GC heap before
{Heap before GC invocations=0 (full 0):
 garbage-first heap   total 98304K, used 25600K [0x00000000a1c00000, 0x0000000100000000)
  region size 1024K, 23 young (23552K), 0 survivors (0K)
 Metaspace       used 5548K, committed 5696K, reserved 1114112K
  class space    used 645K, committed 704K, reserved 1048576K
}
Event: 15.971 GC heap after
{Heap after GC invocations=1 (full 0):
 garbage-first heap   total 98304K, used 9216K [0x00000000a1c00000, 0x0000000100000000)
  region size 1024K, 3 young (3072K), 3 survivors (3072K)
 Metaspace       used 5548K, committed 5696K, reserved 1114112K
  class space    used 645K, committed 704K, reserved 1048576K
}
Event: 26.525 GC heap before
{Heap before GC invocations=1 (full 0):
 garbage-first heap   total 98304K, used 34816K [0x00000000a1c00000, 0x0000000100000000)
  region size 1024K, 29 young (29696K), 3 survivors (3072K)
 Metaspace       used 12205K, committed 12416K, reserved 1114112K
  class space    used 1641K, committed 1728K, reserved 1048576K
}
Event: 26.535 GC heap after
{Heap after GC invocations=2 (full 0):
 garbage-first heap   total 98304K, used 11777K [0x00000000a1c00000, 0x0000000100000000)
  region size 1024K, 3 young (3072K), 3 survivors (3072K)
 Metaspace       used 12205K, committed 12416K, reserved 1114112K
  class space    used 1641K, committed 1728K, reserved 1048576K
}
Event: 40.173 GC heap before
{Heap before GC invocations=2 (full 0):
 garbage-first heap   total 98304K, used 54785K [0x00000000a1c00000, 0x0000000100000000)
  region size 1024K, 47 young (48128K), 3 survivors (3072K)
 Metaspace       used 21206K, committed 21504K, reserved 1114112K
  class space    used 2666K, committed 2816K, reserved 1048576K
}
Event: 40.189 GC heap after
{Heap after GC invocations=3 (full 0):
 garbage-first heap   total 98304K, used 15976K [0x00000000a1c00000, 0x0000000100000000)
  region size 1024K, 7 young (7168K), 7 survivors (7168K)
 Metaspace       used 21206K, committed 21504K, reserved 1114112K
  class space    used 2666K, committed 2816K, reserved 1048576K
}
Event: 47.179 GC heap before
{Heap before GC invocations=4 (full 0):
 garbage-first heap   total 58368K, used 43624K [0x00000000a1c00000, 0x0000000100000000)
  region size 1024K, 34 young (34816K), 7 survivors (7168K)
 Metaspace       used 23960K, committed 24256K, reserved 1114112K
  class space    used 3026K, committed 3136K, reserved 1048576K
}
Event: 47.222 GC heap after
{Heap after GC invocations=5 (full 0):
 garbage-first heap   total 58368K, used 17854K [0x00000000a1c00000, 0x0000000100000000)
  region size 1024K, 3 young (3072K), 3 survivors (3072K)
 Metaspace       used 23960K, committed 24256K, reserved 1114112K
  class space    used 3026K, committed 3136K, reserved 1048576K
}
Event: 53.242 GC heap before
{Heap before GC invocations=5 (full 0):
 garbage-first heap   total 58368K, used 43454K [0x00000000a1c00000, 0x0000000100000000)
  region size 1024K, 28 young (28672K), 3 survivors (3072K)
 Metaspace       used 28347K, committed 28672K, reserved 1114112K
  class space    used 3755K, committed 3904K, reserved 1048576K
}
Event: 53.260 GC heap after
{Heap after GC invocations=6 (full 0):
 garbage-first heap   total 58368K, used 19629K [0x00000000a1c00000, 0x0000000100000000)
  region size 1024K, 3 young (3072K), 3 survivors (3072K)
 Metaspace       used 28347K, committed 28672K, reserved 1114112K
  class space    used 3755K, committed 3904K, reserved 1048576K
}

